TN:
SF:styleMock.js
FNF:0
FNH:0
DA:1,3
LF:1
LH:1
BRF:0
BRH:0
end_of_record
TN:
SF:packages/react-frontend/src/components/CategorySidenav.jsx
FN:6,CategorySidenav
FN:18,(anonymous_1)
FN:22,(anonymous_2)
FN:33,(anonymous_3)
FN:37,(anonymous_4)
FN:42,(anonymous_5)
FN:72,(anonymous_6)
FN:77,(anonymous_7)
FN:105,(anonymous_8)
FN:115,(anonymous_9)
FN:119,(anonymous_10)
FN:126,(anonymous_11)
FN:160,(anonymous_12)
FN:172,(anonymous_13)
FN:179,(anonymous_14)
FNF:15
FNH:14
FNDA:38,CategorySidenav
FNDA:11,(anonymous_1)
FNDA:13,(anonymous_2)
FNDA:1,(anonymous_3)
FNDA:4,(anonymous_4)
FNDA:3,(anonymous_5)
FNDA:3,(anonymous_6)
FNDA:2,(anonymous_7)
FNDA:0,(anonymous_8)
FNDA:62,(anonymous_9)
FNDA:1,(anonymous_10)
FNDA:3,(anonymous_11)
FNDA:1,(anonymous_12)
FNDA:3,(anonymous_13)
FNDA:1,(anonymous_14)
DA:11,38
DA:12,38
DA:13,38
DA:14,38
DA:15,38
DA:16,38
DA:18,38
DA:19,11
DA:22,38
DA:23,13
DA:24,13
DA:27,13
DA:29,0
DA:33,38
DA:34,1
DA:37,38
DA:38,4
DA:39,4
DA:42,38
DA:43,3
DA:44,2
DA:45,2
DA:54,1
DA:55,1
DA:56,1
DA:58,1
DA:62,1
DA:64,0
DA:68,1
DA:72,38
DA:73,3
DA:74,3
DA:77,38
DA:78,2
DA:79,2
DA:85,1
DA:86,1
DA:88,1
DA:90,2
DA:91,2
DA:95,38
DA:105,0
DA:116,62
DA:119,1
DA:126,3
DA:160,1
DA:172,3
DA:179,1
LF:48
LH:45
BRDA:43,0,0,2
BRDA:43,0,1,1
BRDA:58,1,0,1
BRDA:58,1,1,0
BRDA:59,2,0,1
BRDA:59,2,1,1
BRDA:101,3,0,37
BRDA:101,3,1,1
BRDA:102,4,0,37
BRDA:102,4,1,1
BRDA:104,5,0,37
BRDA:104,5,1,1
BRDA:110,6,0,7
BRDA:110,6,1,31
BRDA:118,7,0,1
BRDA:118,7,1,61
BRDA:156,8,0,38
BRDA:156,8,1,6
BRDA:163,9,0,38
BRDA:163,9,1,9
BRDA:167,10,0,9
BRDA:167,10,1,2
BRF:22
BRH:21
end_of_record
TN:
SF:packages/react-frontend/src/components/ConfirmationModal.jsx
FN:5,ConfirmationModal
FN:13,(anonymous_1)
FN:22,(anonymous_2)
FNF:3
FNH:3
FNDA:12,ConfirmationModal
FNDA:5,(anonymous_1)
FNDA:2,(anonymous_2)
DA:6,12
DA:14,5
DA:15,5
DA:23,2
DA:24,2
LF:5
LH:5
BRF:0
BRH:0
end_of_record
TN:
SF:packages/react-frontend/src/components/SignIn.jsx
FN:8,SignIn
FN:18,(anonymous_1)
FN:22,(anonymous_2)
FN:26,(anonymous_3)
FN:31,(anonymous_4)
FNF:5
FNH:4
FNDA:18,SignIn
FNDA:6,(anonymous_1)
FNDA:0,(anonymous_2)
FNDA:6,(anonymous_3)
FNDA:3,(anonymous_4)
DA:9,18
DA:13,18
DA:14,18
DA:15,18
DA:16,18
DA:18,18
DA:19,6
DA:20,6
DA:21,1
DA:22,1
DA:26,18
DA:27,6
DA:28,6
DA:31,18
DA:32,3
DA:33,3
DA:34,3
DA:35,3
DA:39,1
DA:40,1
DA:42,2
DA:45,2
DA:49,18
LF:23
LH:23
BRDA:20,0,0,1
BRDA:20,0,1,5
BRDA:42,1,0,1
BRDA:42,1,1,1
BRDA:51,2,0,18
BRDA:51,2,1,1
BRDA:72,3,0,18
BRDA:72,3,1,2
BRF:8
BRH:8
end_of_record
TN:
SF:packages/react-frontend/src/components/SignUp.jsx
FN:7,SignUp
FN:16,(anonymous_1)
FN:21,(anonymous_2)
FNF:3
FNH:3
FNDA:19,SignUp
FNDA:9,(anonymous_1)
FNDA:3,(anonymous_2)
DA:8,19
DA:13,19
DA:14,19
DA:16,19
DA:17,9
DA:18,9
DA:21,19
DA:22,3
DA:23,3
DA:24,3
DA:25,3
DA:30,1
DA:33,2
DA:36,2
DA:40,19
LF:15
LH:15
BRDA:33,0,0,1
BRDA:33,0,1,1
BRDA:62,1,0,19
BRDA:62,1,1,2
BRF:4
BRH:4
end_of_record
TN:
SF:packages/react-frontend/src/components/Tooltip.jsx
FN:5,Tooltip
FN:8,(anonymous_1)
FN:9,(anonymous_2)
FN:13,(anonymous_3)
FNF:4
FNH:3
FNDA:1,Tooltip
FNDA:1,(anonymous_1)
FNDA:0,(anonymous_2)
FNDA:1,(anonymous_3)
DA:6,1
DA:8,1
DA:9,1
DA:10,0
DA:13,1
DA:16,1
LF:6
LH:5
BRDA:17,0,0,1
BRDA:17,0,1,1
BRF:2
BRH:2
end_of_record
