TN:
SF:styleMock.js
FNF:0
FNH:0
DA:1,3
LF:1
LH:1
BRF:0
BRH:0
end_of_record
TN:
SF:packages/react-frontend/src/components/CategorySidenav.jsx
FN:7,CategorySidenav
FN:19,(anonymous_1)
FN:23,(anonymous_2)
FN:34,(anonymous_3)
FN:38,(anonymous_4)
FN:43,(anonymous_5)
FN:73,(anonymous_6)
FN:78,(anonymous_7)
FN:106,(anonymous_8)
FN:116,(anonymous_9)
FN:120,(anonymous_10)
FN:127,(anonymous_11)
FN:162,(anonymous_12)
FN:174,(anonymous_13)
FN:181,(anonymous_14)
FNF:15
FNH:14
FNDA:38,CategorySidenav
FNDA:11,(anonymous_1)
FNDA:13,(anonymous_2)
FNDA:1,(anonymous_3)
FNDA:4,(anonymous_4)
FNDA:3,(anonymous_5)
FNDA:3,(anonymous_6)
FNDA:2,(anonymous_7)
FNDA:0,(anonymous_8)
FNDA:62,(anonymous_9)
FNDA:1,(anonymous_10)
FNDA:3,(anonymous_11)
FNDA:1,(anonymous_12)
FNDA:3,(anonymous_13)
FNDA:1,(anonymous_14)
DA:12,38
DA:13,38
DA:14,38
DA:15,38
DA:16,38
DA:17,38
DA:19,38
DA:20,11
DA:23,38
DA:24,13
DA:25,13
DA:28,13
DA:30,0
DA:34,38
DA:35,1
DA:38,38
DA:39,4
DA:40,4
DA:43,38
DA:44,3
DA:45,2
DA:46,2
DA:55,1
DA:56,1
DA:57,1
DA:59,1
DA:63,1
DA:65,0
DA:69,1
DA:73,38
DA:74,3
DA:75,3
DA:78,38
DA:79,2
DA:80,2
DA:86,1
DA:87,1
DA:89,1
DA:91,2
DA:92,2
DA:96,38
DA:106,0
DA:117,62
DA:120,1
DA:127,3
DA:162,1
DA:174,3
DA:181,1
LF:48
LH:45
BRDA:44,0,0,2
BRDA:44,0,1,1
BRDA:59,1,0,1
BRDA:59,1,1,0
BRDA:60,2,0,1
BRDA:60,2,1,1
BRDA:102,3,0,37
BRDA:102,3,1,1
BRDA:103,4,0,37
BRDA:103,4,1,1
BRDA:105,5,0,37
BRDA:105,5,1,1
BRDA:111,6,0,7
BRDA:111,6,1,31
BRDA:119,7,0,1
BRDA:119,7,1,61
BRDA:158,8,0,38
BRDA:158,8,1,6
BRDA:165,9,0,38
BRDA:165,9,1,9
BRDA:169,10,0,9
BRDA:169,10,1,2
BRF:22
BRH:21
end_of_record
TN:
SF:packages/react-frontend/src/components/ConfirmationModal.jsx
FN:5,ConfirmationModal
FN:13,(anonymous_1)
FN:22,(anonymous_2)
FNF:3
FNH:3
FNDA:12,ConfirmationModal
FNDA:5,(anonymous_1)
FNDA:2,(anonymous_2)
DA:6,12
DA:14,5
DA:15,5
DA:23,2
DA:24,2
LF:5
LH:5
BRF:0
BRH:0
end_of_record
TN:
SF:packages/react-frontend/src/components/SignIn.jsx
FN:8,SignIn
FN:18,(anonymous_1)
FN:22,(anonymous_2)
FN:26,(anonymous_3)
FN:31,(anonymous_4)
FNF:5
FNH:4
FNDA:18,SignIn
FNDA:6,(anonymous_1)
FNDA:0,(anonymous_2)
FNDA:6,(anonymous_3)
FNDA:3,(anonymous_4)
DA:9,18
DA:13,18
DA:14,18
DA:15,18
DA:16,18
DA:18,18
DA:19,6
DA:20,6
DA:21,1
DA:22,1
DA:26,18
DA:27,6
DA:28,6
DA:31,18
DA:32,3
DA:33,3
DA:34,3
DA:35,3
DA:39,1
DA:40,1
DA:42,2
DA:45,2
DA:49,18
LF:23
LH:23
BRDA:20,0,0,1
BRDA:20,0,1,5
BRDA:42,1,0,1
BRDA:42,1,1,1
BRDA:51,2,0,18
BRDA:51,2,1,1
BRDA:72,3,0,18
BRDA:72,3,1,2
BRF:8
BRH:8
end_of_record
TN:
SF:packages/react-frontend/src/components/SignUp.jsx
FN:7,SignUp
FN:16,(anonymous_1)
FN:21,(anonymous_2)
FNF:3
FNH:3
FNDA:19,SignUp
FNDA:9,(anonymous_1)
FNDA:3,(anonymous_2)
DA:8,19
DA:13,19
DA:14,19
DA:16,19
DA:17,9
DA:18,9
DA:21,19
DA:22,3
DA:23,3
DA:24,3
DA:25,3
DA:30,1
DA:33,2
DA:36,2
DA:40,19
LF:15
LH:15
BRDA:33,0,0,1
BRDA:33,0,1,1
BRDA:62,1,0,19
BRDA:62,1,1,2
BRF:4
BRH:4
end_of_record
TN:
SF:packages/react-frontend/src/components/Tooltip.jsx
FN:5,Tooltip
FN:8,(anonymous_1)
FN:9,(anonymous_2)
FN:13,(anonymous_3)
FNF:4
FNH:3
FNDA:1,Tooltip
FNDA:1,(anonymous_1)
FNDA:0,(anonymous_2)
FNDA:1,(anonymous_3)
DA:6,1
DA:8,1
DA:9,1
DA:10,0
DA:13,1
DA:16,1
LF:6
LH:5
BRDA:17,0,0,1
BRDA:17,0,1,1
BRF:2
BRH:2
end_of_record
